#
# There is insufficient memory for the Java Runtime Environment to continue.
# Native memory allocation (malloc) failed to allocate 963136 bytes for Chunk::new
# Possible reasons:
#   The system is out of physical RAM or swap space
#   In 32 bit mode, the process size limit was hit
# Possible solutions:
#   Reduce memory load on the system
#   Increase physical memory or swap space
#   Check if swap backing store is full
#   Use 64 bit Java on a 64 bit OS
#   Decrease Java heap size (-Xmx/-Xms)
#   Decrease number of Java threads
#   Decrease Java thread stack sizes (-Xss)
#   Set larger code cache with -XX:ReservedCodeCacheSize=
# This output file may be truncated or incomplete.
#
#  Out of Memory Error (allocation.cpp:390), pid=40672, tid=0x0000000000009008
#
# JRE version: Java(TM) SE Runtime Environment (8.0_111-b14) (build 1.8.0_111-b14)
# Java VM: Java HotSpot(TM) 64-Bit Server VM (25.111-b14 mixed mode windows-amd64 compressed oops)
# Failed to write core dump. Minidumps are not enabled by default on client versions of Windows
#

---------------  T H R E A D  ---------------

Current thread (0x0000000019b7b800):  JavaThread "C2 CompilerThread2" daemon [_thread_in_native, id=36872, stack(0x000000001af70000,0x000000001b070000)]

Stack: [0x000000001af70000,0x000000001b070000]
[error occurred during error reporting (printing stack bounds), id 0xc0000005]

Native frames: (J=compiled Java code, j=interpreted, Vv=VM code, C=native code)


Current CompileTask:
C2:   1960 2252   !   4       org.eclipse.osgi.internal.loader.classpath.ClasspathManager::defineClass (636 bytes)


---------------  P R O C E S S  ---------------

Java Threads: ( => current thread )
  0x000000001c8f6800 JavaThread "Worker-2" [_thread_blocked, id=976, stack(0x000000001e320000,0x000000001e420000)]
  0x000000001c91a000 JavaThread "pool-1-thread-1" [_thread_in_native, id=5044, stack(0x000000001e020000,0x000000001e120000)]
  0x000000001c4b0000 JavaThread "Worker-1" [_thread_blocked, id=34140, stack(0x000000001dd20000,0x000000001de20000)]
  0x000000001c2c7800 JavaThread "Java indexing" daemon [_thread_blocked, id=20172, stack(0x000000001dc20000,0x000000001dd20000)]
  0x000000001c340000 JavaThread "Worker-0" [_thread_blocked, id=24764, stack(0x000000001d920000,0x000000001da20000)]
  0x000000001c104800 JavaThread "Worker-JM" [_thread_blocked, id=26440, stack(0x000000001d420000,0x000000001d520000)]
  0x000000001c144000 JavaThread "Start Level: Equinox Container: 62fe8e5b-daef-4f75-ac73-285e28f33f7f" daemon [_thread_blocked, id=12448, stack(0x000000001d120000,0x000000001d220000)]
  0x000000001c48d000 JavaThread "Framework Event Dispatcher: org.eclipse.osgi.internal.framework.EquinoxEventPublisher@45dd4eda" daemon [_thread_blocked, id=24832, stack(0x000000001d020000,0x000000001d120000)]
  0x000000001ba39000 JavaThread "Active Thread: Equinox Container: 62fe8e5b-daef-4f75-ac73-285e28f33f7f" [_thread_blocked, id=41140, stack(0x000000001cf20000,0x000000001d020000)]
  0x0000000019bf6000 JavaThread "Service Thread" daemon [_thread_blocked, id=51632, stack(0x000000001b170000,0x000000001b270000)]
  0x0000000019b84800 JavaThread "C1 CompilerThread3" daemon [_thread_blocked, id=25916, stack(0x000000001b070000,0x000000001b170000)]
=>0x0000000019b7b800 JavaThread "C2 CompilerThread2" daemon [_thread_in_native, id=36872, stack(0x000000001af70000,0x000000001b070000)]
  0x0000000019b77800 JavaThread "C2 CompilerThread1" daemon [_thread_in_native, id=34936, stack(0x000000001ae70000,0x000000001af70000)]
  0x0000000019b75000 JavaThread "C2 CompilerThread0" daemon [_thread_in_native, id=18188, stack(0x000000001ad70000,0x000000001ae70000)]
  0x0000000019b71800 JavaThread "Attach Listener" daemon [_thread_blocked, id=20344, stack(0x000000001ab70000,0x000000001ac70000)]
  0x0000000019b60800 JavaThread "Signal Dispatcher" daemon [_thread_blocked, id=12344, stack(0x000000001aa70000,0x000000001ab70000)]
  0x0000000019b60000 JavaThread "Surrogate Locker Thread (Concurrent GC)" daemon [_thread_blocked, id=27188, stack(0x000000001a970000,0x000000001aa70000)]
  0x0000000019aeb800 JavaThread "Finalizer" daemon [_thread_blocked, id=42084, stack(0x000000001a780000,0x000000001a880000)]
  0x0000000019ae5800 JavaThread "Reference Handler" daemon [_thread_blocked, id=3868, stack(0x000000001a680000,0x000000001a780000)]
  0x000000000338e800 JavaThread "main" [_thread_blocked, id=20168, stack(0x0000000003390000,0x0000000003490000)]

Other Threads:
  0x0000000019ad7800 VMThread [stack: 0x000000001a580000,0x000000001a680000] [id=10776]
  0x000000001b2a0800 WatcherThread [stack: 0x000000001ba70000,0x000000001bb70000] [id=36928]

VM state:not at safepoint (normal execution)

VM Mutex/Monitor currently owned by a thread: None

Heap:
 garbage-first heap   total 262144K, used 69582K [0x00000000c0000000, 0x00000000c0100800, 0x0000000100000000)
  region size 1024K, 62 young (63488K), 6 survivors (6144K)
 Metaspace       used 26796K, capacity 28348K, committed 28544K, reserved 1075200K
  class space    used 2993K, capacity 3448K, committed 3456K, reserved 1048576K

Heap Regions: (Y=young(eden), SU=young(survivor), HS=humongous(starts), HC=humongous(continues), CS=collection set, F=free, TS=gc time stamp, PTAMS=previous top-at-mark-start, NTAMS=next top-at-mark-start)
AC   0  O    TS     0 PTAMS 0x00000000c0100000 NTAMS 0x00000000c0100000 space 1024K, 100% used [0x00000000c0000000, 0x00000000c0100000)
AC   0  O    TS     0 PTAMS 0x00000000c0200000 NTAMS 0x00000000c0200000 space 1024K, 100% used [0x00000000c0100000, 0x00000000c0200000)
AC   0  O    TS     0 PTAMS 0x00000000c0300000 NTAMS 0x00000000c0300000 space 1024K, 100% used [0x00000000c0200000, 0x00000000c0300000)
AC   0  O    TS     0 PTAMS 0x00000000c0400000 NTAMS 0x00000000c0400000 space 1024K, 100% used [0x00000000c0300000, 0x00000000c0400000)
AC   0  O    TS     0 PTAMS 0x00000000c0500000 NTAMS 0x00000000c0500000 space 1024K, 100% used [0x00000000c0400000, 0x00000000c0500000)
AC   0  O    TS     0 PTAMS 0x00000000c0600000 NTAMS 0x00000000c0600000 space 1024K, 100% used [0x00000000c0500000, 0x00000000c0600000)
AC   0  O    TS     0 PTAMS 0x00000000c0700000 NTAMS 0x00000000c0700000 space 1024K, 100% used [0x00000000c0600000, 0x00000000c0700000)
AC   0  F    TS     0 PTAMS 0x00000000c0700000 NTAMS 0x00000000c0700000 space 1024K,   0% used [0x00000000c0700000, 0x00000000c0800000)
AC   0  F    TS     0 PTAMS 0x00000000c0800000 NTAMS 0x00000000c0800000 space 1024K,   0% used [0x00000000c0800000, 0x00000000c0900000)
AC   0  F    TS     0 PTAMS 0x00000000c0900000 NTAMS 0x00000000c0900000 space 1024K,   0% used [0x00000000c0900000, 0x00000000c0a00000)
AC   0  F    TS     0 PTAMS 0x00000000c0a00000 NTAMS 0x00000000c0a00000 space 1024K,   0% used [0x00000000c0a00000, 0x00000000c0b00000)
AC   0  F    TS     0 PTAMS 0x00000000c0b00000 NTAMS 0x00000000c0b00000 space 1024K,   0% used [0x00000000c0b00000, 0x00000000c0c00000)
AC   0  F    TS     0 PTAMS 0x00000000c0c00000 NTAMS 0x00000000c0c00000 space 1024K,   0% used [0x00000000c0c00000, 0x00000000c0d00000)
AC   0  F    TS     0 PTAMS 0x00000000c0d00000 NTAMS 0x00000000c0d00000 space 1024K,   0% used [0x00000000c0d00000, 0x00000000c0e00000)
AC   0  F    TS     0 PTAMS 0x00000000c0e00000 NTAMS 0x00000000c0e00000 space 1024K,   0% used [0x00000000c0e00000, 0x00000000c0f00000)
AC   0  F    TS     0 PTAMS 0x00000000c0f00000 NTAMS 0x00000000c0f00000 space 1024K,   0% used [0x00000000c0f00000, 0x00000000c1000000)
AC   0  F    TS     0 PTAMS 0x00000000c1000000 NTAMS 0x00000000c1000000 space 1024K,   0% used [0x00000000c1000000, 0x00000000c1100000)
AC   0  F    TS     0 PTAMS 0x00000000c1100000 NTAMS 0x00000000c1100000 space 1024K,   0% used [0x00000000c1100000, 0x00000000c1200000)
AC   0  F    TS     0 PTAMS 0x00000000c1200000 NTAMS 0x00000000c1200000 space 1024K,   0% used [0x00000000c1200000, 0x00000000c1300000)
AC   0  F    TS     0 PTAMS 0x00000000c1300000 NTAMS 0x00000000c1300000 space 1024K,   0% used [0x00000000c1300000, 0x00000000c1400000)
AC   0  F    TS     0 PTAMS 0x00000000c1400000 NTAMS 0x00000000c1400000 space 1024K,   0% used [0x00000000c1400000, 0x00000000c1500000)
AC   0  F    TS     0 PTAMS 0x00000000c1500000 NTAMS 0x00000000c1500000 space 1024K,   0% used [0x00000000c1500000, 0x00000000c1600000)
AC   0  F    TS     0 PTAMS 0x00000000c1600000 NTAMS 0x00000000c1600000 space 1024K,   0% used [0x00000000c1600000, 0x00000000c1700000)
AC   0  F    TS     0 PTAMS 0x00000000c1700000 NTAMS 0x00000000c1700000 space 1024K,   0% used [0x00000000c1700000, 0x00000000c1800000)
AC   0  F    TS     0 PTAMS 0x00000000c1800000 NTAMS 0x00000000c1800000 space 1024K,   0% used [0x00000000c1800000, 0x00000000c1900000)
AC   0  F    TS     0 PTAMS 0x00000000c1900000 NTAMS 0x00000000c1900000 space 1024K,   0% used [0x00000000c1900000, 0x00000000c1a00000)
AC   0  F    TS     0 PTAMS 0x00000000c1a00000 NTAMS 0x00000000c1a00000 space 1024K,   0% used [0x00000000c1a00000, 0x00000000c1b00000)
AC   0  F    TS     0 PTAMS 0x00000000c1b00000 NTAMS 0x00000000c1b00000 space 1024K,   0% used [0x00000000c1b00000, 0x00000000c1c00000)
AC   0  F    TS     0 PTAMS 0x00000000c1c00000 NTAMS 0x00000000c1c00000 space 1024K,   0% used [0x00000000c1c00000, 0x00000000c1d00000)
AC   0  F    TS     0 PTAMS 0x00000000c1d00000 NTAMS 0x00000000c1d00000 space 1024K,   0% used [0x00000000c1d00000, 0x00000000c1e00000)
AC   0  F    TS     0 PTAMS 0x00000000c1e00000 NTAMS 0x00000000c1e00000 space 1024K,   0% used [0x00000000c1e00000, 0x00000000c1f00000)
AC   0  F    TS     0 PTAMS 0x00000000c1f00000 NTAMS 0x00000000c1f00000 space 1024K,   0% used [0x00000000c1f00000, 0x00000000c2000000)
AC   0  F    TS     0 PTAMS 0x00000000c2000000 NTAMS 0x00000000c2000000 space 1024K,   0% used [0x00000000c2000000, 0x00000000c2100000)
AC   0  F    TS     0 PTAMS 0x00000000c2100000 NTAMS 0x00000000c2100000 space 1024K,   0% used [0x00000000c2100000, 0x00000000c2200000)
AC   0  F    TS     0 PTAMS 0x00000000c2200000 NTAMS 0x00000000c2200000 space 1024K,   0% used [0x00000000c2200000, 0x00000000c2300000)
AC   0  F    TS     0 PTAMS 0x00000000c2300000 NTAMS 0x00000000c2300000 space 1024K,   0% used [0x00000000c2300000, 0x00000000c2400000)
AC   0  F    TS     0 PTAMS 0x00000000c2400000 NTAMS 0x00000000c2400000 space 1024K,   0% used [0x00000000c2400000, 0x00000000c2500000)
AC   0  F    TS     0 PTAMS 0x00000000c2500000 NTAMS 0x00000000c2500000 space 1024K,   0% used [0x00000000c2500000, 0x00000000c2600000)
AC   0  F    TS     0 PTAMS 0x00000000c2600000 NTAMS 0x00000000c2600000 space 1024K,   0% used [0x00000000c2600000, 0x00000000c2700000)
AC   0  F    TS     0 PTAMS 0x00000000c2700000 NTAMS 0x00000000c2700000 space 1024K,   0% used [0x00000000c2700000, 0x00000000c2800000)
AC   0  F    TS     0 PTAMS 0x00000000c2800000 NTAMS 0x00000000c2800000 space 1024K,   0% used [0x00000000c2800000, 0x00000000c2900000)
AC   0  F    TS     0 PTAMS 0x00000000c2900000 NTAMS 0x00000000c2900000 space 1024K,   0% used [0x00000000c2900000, 0x00000000c2a00000)
AC   0  F    TS     0 PTAMS 0x00000000c2a00000 NTAMS 0x00000000c2a00000 space 1024K,   0% used [0x00000000c2a00000, 0x00000000c2b00000)
AC   0  F    TS     0 PTAMS 0x00000000c2b00000 NTAMS 0x00000000c2b00000 space 1024K,   0% used [0x00000000c2b00000, 0x00000000c2c00000)
AC   0  F    TS     0 PTAMS 0x00000000c2c00000 NTAMS 0x00000000c2c00000 space 1024K,   0% used [0x00000000c2c00000, 0x00000000c2d00000)
AC   0  F    TS     0 PTAMS 0x00000000c2d00000 NTAMS 0x00000000c2d00000 space 1024K,   0% used [0x00000000c2d00000, 0x00000000c2e00000)
AC   0  F    TS     0 PTAMS 0x00000000c2e00000 NTAMS 0x00000000c2e00000 space 1024K,   0% used [0x00000000c2e00000, 0x00000000c2f00000)
AC   0  F    TS     0 PTAMS 0x00000000c2f00000 NTAMS 0x00000000c2f00000 space 1024K,   0% used [0x00000000c2f00000, 0x00000000c3000000)
AC   0  F    TS     0 PTAMS 0x00000000c3000000 NTAMS 0x00000000c3000000 space 1024K,   0% used [0x00000000c3000000, 0x00000000c3100000)
AC   0  F    TS     0 PTAMS 0x00000000c3100000 NTAMS 0x00000000c3100000 space 1024K,   0% used [0x00000000c3100000, 0x00000000c3200000)
AC   0  F    TS     0 PTAMS 0x00000000c3200000 NTAMS 0x00000000c3200000 space 1024K,   0% used [0x00000000c3200000, 0x00000000c3300000)
AC   0  F    TS     0 PTAMS 0x00000000c3300000 NTAMS 0x00000000c3300000 space 1024K,   0% used [0x00000000c3300000, 0x00000000c3400000)
AC   0  F    TS     0 PTAMS 0x00000000c3400000 NTAMS 0x00000000c3400000 space 1024K,   0% used [0x00000000c3400000, 0x00000000c3500000)
AC   0  F    TS     0 PTAMS 0x00000000c3500000 NTAMS 0x00000000c3500000 space 1024K,   0% used [0x00000000c3500000, 0x00000000c3600000)
AC   0  F    TS     0 PTAMS 0x00000000c3600000 NTAMS 0x00000000c3600000 space 1024K,   0% used [0x00000000c3600000, 0x00000000c3700000)
AC   0  F    TS     0 PTAMS 0x00000000c3700000 NTAMS 0x00000000c3700000 space 1024K,   0% used [0x00000000c3700000, 0x00000000c3800000)
AC   0  F    TS     0 PTAMS 0x00000000c3800000 NTAMS 0x00000000c3800000 space 1024K,   0% used [0x00000000c3800000, 0x00000000c3900000)
AC   0  F    TS     0 PTAMS 0x00000000c3900000 NTAMS 0x00000000c3900000 space 1024K,   0% used [0x00000000c3900000, 0x00000000c3a00000)
AC   0  F    TS     0 PTAMS 0x00000000c3a00000 NTAMS 0x00000000c3a00000 space 1024K,   0% used [0x00000000c3a00000, 0x00000000c3b00000)
AC   0  F    TS     0 PTAMS 0x00000000c3b00000 NTAMS 0x00000000c3b00000 space 1024K,   0% used [0x00000000c3b00000, 0x00000000c3c00000)
AC   0  F    TS     0 PTAMS 0x00000000c3c00000 NTAMS 0x00000000c3c00000 space 1024K,   0% used [0x00000000c3c00000, 0x00000000c3d00000)
AC   0  F    TS     0 PTAMS 0x00000000c3d00000 NTAMS 0x00000000c3d00000 space 1024K,   0% used [0x00000000c3d00000, 0x00000000c3e00000)
AC   0  F    TS     0 PTAMS 0x00000000c3e00000 NTAMS 0x00000000c3e00000 space 1024K,   0% used [0x00000000c3e00000, 0x00000000c3f00000)
AC   0  F    TS     0 PTAMS 0x00000000c3f00000 NTAMS 0x00000000c3f00000 space 1024K,   0% used [0x00000000c3f00000, 0x00000000c4000000)
AC   0  F    TS     0 PTAMS 0x00000000c4000000 NTAMS 0x00000000c4000000 space 1024K,   0% used [0x00000000c4000000, 0x00000000c4100000)
AC   0  F    TS     0 PTAMS 0x00000000c4100000 NTAMS 0x00000000c4100000 space 1024K,   0% used [0x00000000c4100000, 0x00000000c4200000)
AC   0  F    TS     0 PTAMS 0x00000000c4200000 NTAMS 0x00000000c4200000 space 1024K,   0% used [0x00000000c4200000, 0x00000000c4300000)
AC   0  F    TS     0 PTAMS 0x00000000c4300000 NTAMS 0x00000000c4300000 space 1024K,   0% used [0x00000000c4300000, 0x00000000c4400000)
AC   0  F    TS     0 PTAMS 0x00000000c4400000 NTAMS 0x00000000c4400000 space 1024K,   0% used [0x00000000c4400000, 0x00000000c4500000)
AC   0  F    TS     0 PTAMS 0x00000000c4500000 NTAMS 0x00000000c4500000 space 1024K,   0% used [0x00000000c4500000, 0x00000000c4600000)
AC   0  F    TS     0 PTAMS 0x00000000c4600000 NTAMS 0x00000000c4600000 space 1024K,   0% used [0x00000000c4600000, 0x00000000c4700000)
AC   0  F    TS     0 PTAMS 0x00000000c4700000 NTAMS 0x00000000c4700000 space 1024K,   0% used [0x00000000c4700000, 0x00000000c4800000)
AC   0  F    TS     0 PTAMS 0x00000000c4800000 NTAMS 0x00000000c4800000 space 1024K,   0% used [0x00000000c4800000, 0x00000000c4900000)
AC   0  F    TS     0 PTAMS 0x00000000c4900000 NTAMS 0x00000000c4900000 space 1024K,   0% used [0x00000000c4900000, 0x00000000c4a00000)
AC   0  F    TS     0 PTAMS 0x00000000c4a00000 NTAMS 0x00000000c4a00000 space 1024K,   0% used [0x00000000c4a00000, 0x00000000c4b00000)
AC   0  F    TS     0 PTAMS 0x00000000c4b00000 NTAMS 0x00000000c4b00000 space 1024K,   0% used [0x00000000c4b00000, 0x00000000c4c00000)
AC   0  F    TS     0 PTAMS 0x00000000c4c00000 NTAMS 0x00000000c4c00000 space 1024K,   0% used [0x00000000c4c00000, 0x00000000c4d00000)
AC   0  F    TS     0 PTAMS 0x00000000c4d00000 NTAMS 0x00000000c4d00000 space 1024K,   0% used [0x00000000c4d00000, 0x00000000c4e00000)
AC   0  F    TS     0 PTAMS 0x00000000c4e00000 NTAMS 0x00000000c4e00000 space 1024K,   0% used [0x00000000c4e00000, 0x00000000c4f00000)
AC   0  F    TS     0 PTAMS 0x00000000c4f00000 NTAMS 0x00000000c4f00000 space 1024K,   0% used [0x00000000c4f00000, 0x00000000c5000000)
AC   0  F    TS     0 PTAMS 0x00000000c5000000 NTAMS 0x00000000c5000000 space 1024K,   0% used [0x00000000c5000000, 0x00000000c5100000)
AC   0  F    TS     0 PTAMS 0x00000000c5100000 NTAMS 0x00000000c5100000 space 1024K,   0% used [0x00000000c5100000, 0x00000000c5200000)
AC   0  F    TS     0 PTAMS 0x00000000c5200000 NTAMS 0x00000000c5200000 space 1024K,   0% used [0x00000000c5200000, 0x00000000c5300000)
AC   0  F    TS     0 PTAMS 0x00000000c5300000 NTAMS 0x00000000c5300000 space 1024K,   0% used [0x00000000c5300000, 0x00000000c5400000)
AC   0  F    TS     0 PTAMS 0x00000000c5400000 NTAMS 0x00000000c5400000 space 1024K,   0% used [0x00000000c5400000, 0x00000000c5500000)
AC   0  F    TS     0 PTAMS 0x00000000c5500000 NTAMS 0x00000000c5500000 space 1024K,   0% used [0x00000000c5500000, 0x00000000c5600000)
AC   0  F    TS     0 PTAMS 0x00000000c5600000 NTAMS 0x00000000c5600000 space 1024K,   0% used [0x00000000c5600000, 0x00000000c5700000)
AC   0  F    TS     0 PTAMS 0x00000000c5700000 NTAMS 0x00000000c5700000 space 1024K,   0% used [0x00000000c5700000, 0x00000000c5800000)
AC   0  F    TS     0 PTAMS 0x00000000c5800000 NTAMS 0x00000000c5800000 space 1024K,   0% used [0x00000000c5800000, 0x00000000c5900000)
AC   0  F    TS     0 PTAMS 0x00000000c5900000 NTAMS 0x00000000c5900000 space 1024K,   0% used [0x00000000c5900000, 0x00000000c5a00000)
AC   0  F    TS     0 PTAMS 0x00000000c5a00000 NTAMS 0x00000000c5a00000 space 1024K,   0% used [0x00000000c5a00000, 0x00000000c5b00000)
AC   0  F    TS     0 PTAMS 0x00000000c5b00000 NTAMS 0x00000000c5b00000 space 1024K,   0% used [0x00000000c5b00000, 0x00000000c5c00000)
AC   0  F    TS     0 PTAMS 0x00000000c5c00000 NTAMS 0x00000000c5c00000 space 1024K,   0% used [0x00000000c5c00000, 0x00000000c5d00000)
AC   0  F    TS     0 PTAMS 0x00000000c5d00000 NTAMS 0x00000000c5d00000 space 1024K,   0% used [0x00000000c5d00000, 0x00000000c5e00000)
AC   0  F    TS     0 PTAMS 0x00000000c5e00000 NTAMS 0x00000000c5e00000 space 1024K,   0% used [0x00000000c5e00000, 0x00000000c5f00000)
AC   0  F    TS     0 PTAMS 0x00000000c5f00000 NTAMS 0x00000000c5f00000 space 1024K,   0% used [0x00000000c5f00000, 0x00000000c6000000)
AC   0  F    TS     0 PTAMS 0x00000000c6000000 NTAMS 0x00000000c6000000 space 1024K,   0% used [0x00000000c6000000, 0x00000000c6100000)
AC   0  F    TS     0 PTAMS 0x00000000c6100000 NTAMS 0x00000000c6100000 space 1024K,   0% used [0x00000000c6100000, 0x00000000c6200000)
AC   0  F    TS     0 PTAMS 0x00000000c6200000 NTAMS 0x00000000c6200000 space 1024K,   0% used [0x00000000c6200000, 0x00000000c6300000)
AC   0  F    TS     0 PTAMS 0x00000000c6300000 NTAMS 0x00000000c6300000 space 1024K,   0% used [0x00000000c6300000, 0x00000000c6400000)
AC   0  F    TS     0 PTAMS 0x00000000c6400000 NTAMS 0x00000000c6400000 space 1024K,   0% used [0x00000000c6400000, 0x00000000c6500000)
AC   0  F    TS     0 PTAMS 0x00000000c6500000 NTAMS 0x00000000c6500000 space 1024K,   0% used [0x00000000c6500000, 0x00000000c6600000)
AC   0  F    TS     0 PTAMS 0x00000000c6600000 NTAMS 0x00000000c6600000 space 1024K,   0% used [0x00000000c6600000, 0x00000000c6700000)
AC   0  F    TS     0 PTAMS 0x00000000c6700000 NTAMS 0x00000000c6700000 space 1024K,   0% used [0x00000000c6700000, 0x00000000c6800000)
AC   0  F    TS     0 PTAMS 0x00000000c6800000 NTAMS 0x00000000c6800000 space 1024K,   0% used [0x00000000c6800000, 0x00000000c6900000)
AC   0  F    TS     0 PTAMS 0x00000000c6900000 NTAMS 0x00000000c6900000 space 1024K,   0% used [0x00000000c6900000, 0x00000000c6a00000)
AC   0  F    TS     0 PTAMS 0x00000000c6a00000 NTAMS 0x00000000c6a00000 space 1024K,   0% used [0x00000000c6a00000, 0x00000000c6b00000)
AC   0  F    TS     0 PTAMS 0x00000000c6b00000 NTAMS 0x00000000c6b00000 space 1024K,   0% used [0x00000000c6b00000, 0x00000000c6c00000)
AC   0  F    TS     0 PTAMS 0x00000000c6c00000 NTAMS 0x00000000c6c00000 space 1024K,   0% used [0x00000000c6c00000, 0x00000000c6d00000)
AC   0  F    TS     0 PTAMS 0x00000000c6d00000 NTAMS 0x00000000c6d00000 space 1024K,   0% used [0x00000000c6d00000, 0x00000000c6e00000)
AC   0  F    TS     0 PTAMS 0x00000000c6e00000 NTAMS 0x00000000c6e00000 space 1024K,   0% used [0x00000000c6e00000, 0x00000000c6f00000)
AC   0  F    TS     0 PTAMS 0x00000000c6f00000 NTAMS 0x00000000c6f00000 space 1024K,   0% used [0x00000000c6f00000, 0x00000000c7000000)
AC   0  F    TS     0 PTAMS 0x00000000c7000000 NTAMS 0x00000000c7000000 space 1024K,   0% used [0x00000000c7000000, 0x00000000c7100000)
AC   0  F    TS     0 PTAMS 0x00000000c7100000 NTAMS 0x00000000c7100000 space 1024K,   0% used [0x00000000c7100000, 0x00000000c7200000)
AC   0  F    TS     0 PTAMS 0x00000000c7200000 NTAMS 0x00000000c7200000 space 1024K,   0% used [0x00000000c7200000, 0x00000000c7300000)
AC   0  F    TS     0 PTAMS 0x00000000c7300000 NTAMS 0x00000000c7300000 space 1024K,   0% used [0x00000000c7300000, 0x00000000c7400000)
AC   0  F    TS     0 PTAMS 0x00000000c7400000 NTAMS 0x00000000c7400000 space 1024K,   0% used [0x00000000c7400000, 0x00000000c7500000)
AC   0  F    TS     0 PTAMS 0x00000000c7500000 NTAMS 0x00000000c7500000 space 1024K,   0% used [0x00000000c7500000, 0x00000000c7600000)
AC   0  F    TS     0 PTAMS 0x00000000c7600000 NTAMS 0x00000000c7600000 space 1024K,   0% used [0x00000000c7600000, 0x00000000c7700000)
AC   0  F    TS     0 PTAMS 0x00000000c7700000 NTAMS 0x00000000c7700000 space 1024K,   0% used [0x00000000c7700000, 0x00000000c7800000)
AC   0  F    TS     0 PTAMS 0x00000000c7800000 NTAMS 0x00000000c7800000 space 1024K,   0% used [0x00000000c7800000, 0x00000000c7900000)
AC   0  F    TS     0 PTAMS 0x00000000c7900000 NTAMS 0x00000000c7900000 space 1024K,   0% used [0x00000000c7900000, 0x00000000c7a00000)
AC   0  F    TS     0 PTAMS 0x00000000c7a00000 NTAMS 0x00000000c7a00000 space 1024K,   0% used [0x00000000c7a00000, 0x00000000c7b00000)
AC   0  F    TS     0 PTAMS 0x00000000c7b00000 NTAMS 0x00000000c7b00000 space 1024K,   0% used [0x00000000c7b00000, 0x00000000c7c00000)
AC   0  F    TS     0 PTAMS 0x00000000c7c00000 NTAMS 0x00000000c7c00000 space 1024K,   0% used [0x00000000c7c00000, 0x00000000c7d00000)
AC   0  F    TS     0 PTAMS 0x00000000c7d00000 NTAMS 0x00000000c7d00000 space 1024K,   0% used [0x00000000c7d00000, 0x00000000c7e00000)
AC   0  F    TS     0 PTAMS 0x00000000c7e00000 NTAMS 0x00000000c7e00000 space 1024K,   0% used [0x00000000c7e00000, 0x00000000c7f00000)
AC   0  F    TS     0 PTAMS 0x00000000c7f00000 NTAMS 0x00000000c7f00000 space 1024K,   0% used [0x00000000c7f00000, 0x00000000c8000000)
AC   0  F    TS     0 PTAMS 0x00000000c8000000 NTAMS 0x00000000c8000000 space 1024K,   0% used [0x00000000c8000000, 0x00000000c8100000)
AC   0  F    TS     0 PTAMS 0x00000000c8100000 NTAMS 0x00000000c8100000 space 1024K,   0% used [0x00000000c8100000, 0x00000000c8200000)
AC   0  F    TS     0 PTAMS 0x00000000c8200000 NTAMS 0x00000000c8200000 space 1024K,   0% used [0x00000000c8200000, 0x00000000c8300000)
AC   0  F    TS     0 PTAMS 0x00000000c8300000 NTAMS 0x00000000c8300000 space 1024K,   0% used [0x00000000c8300000, 0x00000000c8400000)
AC   0  F    TS     0 PTAMS 0x00000000c8400000 NTAMS 0x00000000c8400000 space 1024K,   0% used [0x00000000c8400000, 0x00000000c8500000)
AC   0  F    TS     0 PTAMS 0x00000000c8500000 NTAMS 0x00000000c8500000 space 1024K,   0% used [0x00000000c8500000, 0x00000000c8600000)
AC   0  F    TS     0 PTAMS 0x00000000c8600000 NTAMS 0x00000000c8600000 space 1024K,   0% used [0x00000000c8600000, 0x00000000c8700000)
AC   0  F    TS     0 PTAMS 0x00000000c8700000 NTAMS 0x00000000c8700000 space 1024K,   0% used [0x00000000c8700000, 0x00000000c8800000)
AC   0  F    TS     0 PTAMS 0x00000000c8800000 NTAMS 0x00000000c8800000 space 1024K,   0% used [0x00000000c8800000, 0x00000000c8900000)
AC   0  F    TS     0 PTAMS 0x00000000c8900000 NTAMS 0x00000000c8900000 space 1024K,   0% used [0x00000000c8900000, 0x00000000c8a00000)
AC   0  F    TS     0 PTAMS 0x00000000c8a00000 NTAMS 0x00000000c8a00000 space 1024K,   0% used [0x00000000c8a00000, 0x00000000c8b00000)
AC   0  F    TS     0 PTAMS 0x00000000c8b00000 NTAMS 0x00000000c8b00000 space 1024K,   0% used [0x00000000c8b00000, 0x00000000c8c00000)
AC   0  F    TS     0 PTAMS 0x00000000c8c00000 NTAMS 0x00000000c8c00000 space 1024K,   0% used [0x00000000c8c00000, 0x00000000c8d00000)
AC   0  F    TS     0 PTAMS 0x00000000c8d00000 NTAMS 0x00000000c8d00000 space 1024K,   0% used [0x00000000c8d00000, 0x00000000c8e00000)
AC   0  F    TS     0 PTAMS 0x00000000c8e00000 NTAMS 0x00000000c8e00000 space 1024K,   0% used [0x00000000c8e00000, 0x00000000c8f00000)
AC   0  F    TS     0 PTAMS 0x00000000c8f00000 NTAMS 0x00000000c8f00000 space 1024K,   0% used [0x00000000c8f00000, 0x00000000c9000000)
AC   0  F    TS     0 PTAMS 0x00000000c9000000 NTAMS 0x00000000c9000000 space 1024K,   0% used [0x00000000c9000000, 0x00000000c9100000)
AC   0  F    TS     0 PTAMS 0x00000000c9100000 NTAMS 0x00000000c9100000 space 1024K,   0% used [0x00000000c9100000, 0x00000000c9200000)
AC   0  F    TS     0 PTAMS 0x00000000c9200000 NTAMS 0x00000000c9200000 space 1024K,   0% used [0x00000000c9200000, 0x00000000c9300000)
AC   0  F    TS     0 PTAMS 0x00000000c9300000 NTAMS 0x00000000c9300000 space 1024K,   0% used [0x00000000c9300000, 0x00000000c9400000)
AC   0  F    TS     0 PTAMS 0x00000000c9400000 NTAMS 0x00000000c9400000 space 1024K,   0% used [0x00000000c9400000, 0x00000000c9500000)
AC   0  F    TS     0 PTAMS 0x00000000c9500000 NTAMS 0x00000000c9500000 space 1024K,   0% used [0x00000000c9500000, 0x00000000c9600000)
AC   0  F    TS     0 PTAMS 0x00000000c9600000 NTAMS 0x00000000c9600000 space 1024K,   0% used [0x00000000c9600000, 0x00000000c9700000)
AC   0  F    TS     0 PTAMS 0x00000000c9700000 NTAMS 0x00000000c9700000 space 1024K,   0% used [0x00000000c9700000, 0x00000000c9800000)
AC   0  F    TS     0 PTAMS 0x00000000c9800000 NTAMS 0x00000000c9800000 space 1024K,   0% used [0x00000000c9800000, 0x00000000c9900000)
AC   0  F    TS     0 PTAMS 0x00000000c9900000 NTAMS 0x00000000c9900000 space 1024K,   0% used [0x00000000c9900000, 0x00000000c9a00000)
AC   0  F    TS     0 PTAMS 0x00000000c9a00000 NTAMS 0x00000000c9a00000 space 1024K,   0% used [0x00000000c9a00000, 0x00000000c9b00000)
AC   0  F    TS     0 PTAMS 0x00000000c9b00000 NTAMS 0x00000000c9b00000 space 1024K,   0% used [0x00000000c9b00000, 0x00000000c9c00000)
AC   0  F    TS     0 PTAMS 0x00000000c9c00000 NTAMS 0x00000000c9c00000 space 1024K,   0% used [0x00000000c9c00000, 0x00000000c9d00000)
AC   0  F    TS     0 PTAMS 0x00000000c9d00000 NTAMS 0x00000000c9d00000 space 1024K,   0% used [0x00000000c9d00000, 0x00000000c9e00000)
AC   0  F    TS     0 PTAMS 0x00000000c9e00000 NTAMS 0x00000000c9e00000 space 1024K,   0% used [0x00000000c9e00000, 0x00000000c9f00000)
AC   0  F    TS     0 PTAMS 0x00000000c9f00000 NTAMS 0x00000000c9f00000 space 1024K,   0% used [0x00000000c9f00000, 0x00000000ca000000)
AC   0  F    TS     0 PTAMS 0x00000000ca000000 NTAMS 0x00000000ca000000 space 1024K,   0% used [0x00000000ca000000, 0x00000000ca100000)
AC   0  F    TS     0 PTAMS 0x00000000ca100000 NTAMS 0x00000000ca100000 space 1024K,   0% used [0x00000000ca100000, 0x00000000ca200000)
AC   0  F    TS     0 PTAMS 0x00000000ca200000 NTAMS 0x00000000ca200000 space 1024K,   0% used [0x00000000ca200000, 0x00000000ca300000)
AC   0  F    TS     0 PTAMS 0x00000000ca300000 NTAMS 0x00000000ca300000 space 1024K,   0% used [0x00000000ca300000, 0x00000000ca400000)
AC   0  F    TS     0 PTAMS 0x00000000ca400000 NTAMS 0x00000000ca400000 space 1024K,   0% used [0x00000000ca400000, 0x00000000ca500000)
AC   0  F    TS     0 PTAMS 0x00000000ca500000 NTAMS 0x00000000ca500000 space 1024K,   0% used [0x00000000ca500000, 0x00000000ca600000)
AC   0  F    TS     0 PTAMS 0x00000000ca600000 NTAMS 0x00000000ca600000 space 1024K,   0% used [0x00000000ca600000, 0x00000000ca700000)
AC   0  F    TS     0 PTAMS 0x00000000ca700000 NTAMS 0x00000000ca700000 space 1024K,   0% used [0x00000000ca700000, 0x00000000ca800000)
AC   0  F    TS     0 PTAMS 0x00000000ca800000 NTAMS 0x00000000ca800000 space 1024K,   0% used [0x00000000ca800000, 0x00000000ca900000)
AC   0  F    TS     0 PTAMS 0x00000000ca900000 NTAMS 0x00000000ca900000 space 1024K,   0% used [0x00000000ca900000, 0x00000000caa00000)
AC   0  F    TS     0 PTAMS 0x00000000caa00000 NTAMS 0x00000000caa00000 space 1024K,   0% used [0x00000000caa00000, 0x00000000cab00000)
AC   0  F    TS     0 PTAMS 0x00000000cab00000 NTAMS 0x00000000cab00000 space 1024K,   0% used [0x00000000cab00000, 0x00000000cac00000)
AC   0  F    TS     0 PTAMS 0x00000000cac00000 NTAMS 0x00000000cac00000 space 1024K,   0% used [0x00000000cac00000, 0x00000000cad00000)
AC   0  F    TS     0 PTAMS 0x00000000cad00000 NTAMS 0x00000000cad00000 space 1024K,   0% used [0x00000000cad00000, 0x00000000cae00000)
AC   0  F    TS     0 PTAMS 0x00000000cae00000 NTAMS 0x00000000cae00000 space 1024K,   0% used [0x00000000cae00000, 0x00000000caf00000)
AC   0  F    TS     0 PTAMS 0x00000000caf00000 NTAMS 0x00000000caf00000 space 1024K,   0% used [0x00000000caf00000, 0x00000000cb000000)
AC   0  F    TS     0 PTAMS 0x00000000cb000000 NTAMS 0x00000000cb000000 space 1024K,   0% used [0x00000000cb000000, 0x00000000cb100000)
AC   0  F    TS     0 PTAMS 0x00000000cb100000 NTAMS 0x00000000cb100000 space 1024K,   0% used [0x00000000cb100000, 0x00000000cb200000)
AC   0  F    TS     0 PTAMS 0x00000000cb200000 NTAMS 0x00000000cb200000 space 1024K,   0% used [0x00000000cb200000, 0x00000000cb300000)
AC   0  F    TS     0 PTAMS 0x00000000cb300000 NTAMS 0x00000000cb300000 space 1024K,   0% used [0x00000000cb300000, 0x00000000cb400000)
AC   0  F    TS     0 PTAMS 0x00000000cb400000 NTAMS 0x00000000cb400000 space 1024K,   0% used [0x00000000cb400000, 0x00000000cb500000)
AC   0  F    TS     0 PTAMS 0x00000000cb500000 NTAMS 0x00000000cb500000 space 1024K,   0% used [0x00000000cb500000, 0x00000000cb600000)
AC   0  F    TS     0 PTAMS 0x00000000cb600000 NTAMS 0x00000000cb600000 space 1024K,   0% used [0x00000000cb600000, 0x00000000cb700000)
AC   0  F    TS     0 PTAMS 0x00000000cb700000 NTAMS 0x00000000cb700000 space 1024K,   0% used [0x00000000cb700000, 0x00000000cb800000)
AC   0  F    TS     0 PTAMS 0x00000000cb800000 NTAMS 0x00000000cb800000 space 1024K,   0% used [0x00000000cb800000, 0x00000000cb900000)
AC   0  F    TS     0 PTAMS 0x00000000cb900000 NTAMS 0x00000000cb900000 space 1024K,   0% used [0x00000000cb900000, 0x00000000cba00000)
AC   0  F    TS     0 PTAMS 0x00000000cba00000 NTAMS 0x00000000cba00000 space 1024K,   0% used [0x00000000cba00000, 0x00000000cbb00000)
AC   0  F    TS     0 PTAMS 0x00000000cbb00000 NTAMS 0x00000000cbb00000 space 1024K,   0% used [0x00000000cbb00000, 0x00000000cbc00000)
AC   0  F    TS     0 PTAMS 0x00000000cbc00000 NTAMS 0x00000000cbc00000 space 1024K,   0% used [0x00000000cbc00000, 0x00000000cbd00000)
AC   0  F    TS     0 PTAMS 0x00000000cbd00000 NTAMS 0x00000000cbd00000 space 1024K,   0% used [0x00000000cbd00000, 0x00000000cbe00000)
AC   0  F    TS     0 PTAMS 0x00000000cbe00000 NTAMS 0x00000000cbe00000 space 1024K,   0% used [0x00000000cbe00000, 0x00000000cbf00000)
AC   0  F    TS     0 PTAMS 0x00000000cbf00000 NTAMS 0x00000000cbf00000 space 1024K,   0% used [0x00000000cbf00000, 0x00000000cc000000)
AC   0  F    TS     0 PTAMS 0x00000000cc000000 NTAMS 0x00000000cc000000 space 1024K,   0% used [0x00000000cc000000, 0x00000000cc100000)
AC   0  E    TS     0 PTAMS 0x00000000cc100000 NTAMS 0x00000000cc100000 space 1024K,  50% used [0x00000000cc100000, 0x00000000cc200000)
AC   0  E CS TS     0 PTAMS 0x00000000cc200000 NTAMS 0x00000000cc200000 space 1024K, 100% used [0x00000000cc200000, 0x00000000cc300000)
AC   0  E CS TS     0 PTAMS 0x00000000cc300000 NTAMS 0x00000000cc300000 space 1024K, 100% used [0x00000000cc300000, 0x00000000cc400000)
AC   0  E CS TS     0 PTAMS 0x00000000cc400000 NTAMS 0x00000000cc400000 space 1024K, 100% used [0x00000000cc400000, 0x00000000cc500000)
AC   0  E CS TS     0 PTAMS 0x00000000cc500000 NTAMS 0x00000000cc500000 space 1024K, 100% used [0x00000000cc500000, 0x00000000cc600000)
AC   0  E CS TS     0 PTAMS 0x00000000cc600000 NTAMS 0x00000000cc600000 space 1024K, 100% used [0x00000000cc600000, 0x00000000cc700000)
AC   0  E CS TS     0 PTAMS 0x00000000cc700000 NTAMS 0x00000000cc700000 space 1024K, 100% used [0x00000000cc700000, 0x00000000cc800000)
AC   0  E CS TS     0 PTAMS 0x00000000cc800000 NTAMS 0x00000000cc800000 space 1024K, 100% used [0x00000000cc800000, 0x00000000cc900000)
AC   0  E CS TS     0 PTAMS 0x00000000cc900000 NTAMS 0x00000000cc900000 space 1024K, 100% used [0x00000000cc900000, 0x00000000cca00000)
AC   0  E CS TS     0 PTAMS 0x00000000cca00000 NTAMS 0x00000000cca00000 space 1024K, 100% used [0x00000000cca00000, 0x00000000ccb00000)
AC   0  E CS TS     0 PTAMS 0x00000000ccb00000 NTAMS 0x00000000ccb00000 space 1024K, 100% used [0x00000000ccb00000, 0x00000000ccc00000)
AC   0  E CS TS     0 PTAMS 0x00000000ccc00000 NTAMS 0x00000000ccc00000 space 1024K, 100% used [0x00000000ccc00000, 0x00000000ccd00000)
AC   0  E CS TS     0 PTAMS 0x00000000ccd00000 NTAMS 0x00000000ccd00000 space 1024K, 100% used [0x00000000ccd00000, 0x00000000cce00000)
AC   0  E CS TS     0 PTAMS 0x00000000cce00000 NTAMS 0x00000000cce00000 space 1024K, 100% used [0x00000000cce00000, 0x00000000ccf00000)
AC   0  E CS TS     0 PTAMS 0x00000000ccf00000 NTAMS 0x00000000ccf00000 space 1024K, 100% used [0x00000000ccf00000, 0x00000000cd000000)
AC   0  E CS TS     0 PTAMS 0x00000000cd000000 NTAMS 0x00000000cd000000 space 1024K, 100% used [0x00000000cd000000, 0x00000000cd100000)
AC   0  E CS TS     0 PTAMS 0x00000000cd100000 NTAMS 0x00000000cd100000 space 1024K, 100% used [0x00000000cd100000, 0x00000000cd200000)
AC   0  E CS TS     0 PTAMS 0x00000000cd200000 NTAMS 0x00000000cd200000 space 1024K, 100% used [0x00000000cd200000, 0x00000000cd300000)
AC   0  E CS TS     0 PTAMS 0x00000000cd300000 NTAMS 0x00000000cd300000 space 1024K, 100% used [0x00000000cd300000, 0x00000000cd400000)
AC   0  E CS TS     0 PTAMS 0x00000000cd400000 NTAMS 0x00000000cd400000 space 1024K, 100% used [0x00000000cd400000, 0x00000000cd500000)
AC   0  E CS TS     0 PTAMS 0x00000000cd500000 NTAMS 0x00000000cd500000 space 1024K, 100% used [0x00000000cd500000, 0x00000000cd600000)
AC   0  E CS TS     0 PTAMS 0x00000000cd600000 NTAMS 0x00000000cd600000 space 1024K, 100% used [0x00000000cd600000, 0x00000000cd700000)
AC   0  E CS TS     0 PTAMS 0x00000000cd700000 NTAMS 0x00000000cd700000 space 1024K, 100% used [0x00000000cd700000, 0x00000000cd800000)
AC   0  E CS TS     0 PTAMS 0x00000000cd800000 NTAMS 0x00000000cd800000 space 1024K, 100% used [0x00000000cd800000, 0x00000000cd900000)
AC   0  E CS TS     0 PTAMS 0x00000000cd900000 NTAMS 0x00000000cd900000 space 1024K, 100% used [0x00000000cd900000, 0x00000000cda00000)
AC   0  E CS TS     0 PTAMS 0x00000000cda00000 NTAMS 0x00000000cda00000 space 1024K, 100% used [0x00000000cda00000, 0x00000000cdb00000)
AC   0  E CS TS     0 PTAMS 0x00000000cdb00000 NTAMS 0x00000000cdb00000 space 1024K, 100% used [0x00000000cdb00000, 0x00000000cdc00000)
AC   0  E CS TS     0 PTAMS 0x00000000cdc00000 NTAMS 0x00000000cdc00000 space 1024K, 100% used [0x00000000cdc00000, 0x00000000cdd00000)
AC   0  E CS TS     0 PTAMS 0x00000000cdd00000 NTAMS 0x00000000cdd00000 space 1024K, 100% used [0x00000000cdd00000, 0x00000000cde00000)
AC   0  E CS TS     0 PTAMS 0x00000000cde00000 NTAMS 0x00000000cde00000 space 1024K, 100% used [0x00000000cde00000, 0x00000000cdf00000)
AC   0  E CS TS     0 PTAMS 0x00000000cdf00000 NTAMS 0x00000000cdf00000 space 1024K, 100% used [0x00000000cdf00000, 0x00000000ce000000)
AC   0  E CS TS     0 PTAMS 0x00000000ce000000 NTAMS 0x00000000ce000000 space 1024K, 100% used [0x00000000ce000000, 0x00000000ce100000)
AC   0  E CS TS     0 PTAMS 0x00000000ce100000 NTAMS 0x00000000ce100000 space 1024K, 100% used [0x00000000ce100000, 0x00000000ce200000)
AC   0  E CS TS     0 PTAMS 0x00000000ce200000 NTAMS 0x00000000ce200000 space 1024K, 100% used [0x00000000ce200000, 0x00000000ce300000)
AC   0  E CS TS     0 PTAMS 0x00000000ce300000 NTAMS 0x00000000ce300000 space 1024K, 100% used [0x00000000ce300000, 0x00000000ce400000)
AC   0  E CS TS     0 PTAMS 0x00000000ce400000 NTAMS 0x00000000ce400000 space 1024K, 100% used [0x00000000ce400000, 0x00000000ce500000)
AC   0  E CS TS     0 PTAMS 0x00000000ce500000 NTAMS 0x00000000ce500000 space 1024K, 100% used [0x00000000ce500000, 0x00000000ce600000)
AC   0  E CS TS     0 PTAMS 0x00000000ce600000 NTAMS 0x00000000ce600000 space 1024K, 100% used [0x00000000ce600000, 0x00000000ce700000)
AC   0  E CS TS     0 PTAMS 0x00000000ce700000 NTAMS 0x00000000ce700000 space 1024K, 100% used [0x00000000ce700000, 0x00000000ce800000)
AC   0  E CS TS     0 PTAMS 0x00000000ce800000 NTAMS 0x00000000ce800000 space 1024K, 100% used [0x00000000ce800000, 0x00000000ce900000)
AC   0  E CS TS     0 PTAMS 0x00000000ce900000 NTAMS 0x00000000ce900000 space 1024K, 100% used [0x00000000ce900000, 0x00000000cea00000)
AC   0  E CS TS     0 PTAMS 0x00000000cea00000 NTAMS 0x00000000cea00000 space 1024K, 100% used [0x00000000cea00000, 0x00000000ceb00000)
AC   0  E CS TS     0 PTAMS 0x00000000ceb00000 NTAMS 0x00000000ceb00000 space 1024K, 100% used [0x00000000ceb00000, 0x00000000cec00000)
AC   0  E CS TS     0 PTAMS 0x00000000cec00000 NTAMS 0x00000000cec00000 space 1024K, 100% used [0x00000000cec00000, 0x00000000ced00000)
AC   0  E CS TS     0 PTAMS 0x00000000ced00000 NTAMS 0x00000000ced00000 space 1024K, 100% used [0x00000000ced00000, 0x00000000cee00000)
AC   0  E CS TS     0 PTAMS 0x00000000cee00000 NTAMS 0x00000000cee00000 space 1024K, 100% used [0x00000000cee00000, 0x00000000cef00000)
AC   0  E CS TS     0 PTAMS 0x00000000cef00000 NTAMS 0x00000000cef00000 space 1024K, 100% used [0x00000000cef00000, 0x00000000cf000000)
AC   0  E CS TS     0 PTAMS 0x00000000cf000000 NTAMS 0x00000000cf000000 space 1024K, 100% used [0x00000000cf000000, 0x00000000cf100000)
AC   0  E CS TS     0 PTAMS 0x00000000cf100000 NTAMS 0x00000000cf100000 space 1024K, 100% used [0x00000000cf100000, 0x00000000cf200000)
AC   0  E CS TS     0 PTAMS 0x00000000cf200000 NTAMS 0x00000000cf200000 space 1024K, 100% used [0x00000000cf200000, 0x00000000cf300000)
AC   0  E CS TS     0 PTAMS 0x00000000cf300000 NTAMS 0x00000000cf300000 space 1024K, 100% used [0x00000000cf300000, 0x00000000cf400000)
AC   0  E CS TS     0 PTAMS 0x00000000cf400000 NTAMS 0x00000000cf400000 space 1024K, 100% used [0x00000000cf400000, 0x00000000cf500000)
AC   0  S CS TS     0 PTAMS 0x00000000cf500000 NTAMS 0x00000000cf500000 space 1024K,  95% used [0x00000000cf500000, 0x00000000cf600000)
AC   0  S CS TS     0 PTAMS 0x00000000cf600000 NTAMS 0x00000000cf600000 space 1024K, 100% used [0x00000000cf600000, 0x00000000cf700000)
AC   0  S CS TS     0 PTAMS 0x00000000cf700000 NTAMS 0x00000000cf700000 space 1024K, 100% used [0x00000000cf700000, 0x00000000cf800000)
AC   0  S CS TS     0 PTAMS 0x00000000cf800000 NTAMS 0x00000000cf800000 space 1024K, 100% used [0x00000000cf800000, 0x00000000cf900000)
AC   0  S CS TS     0 PTAMS 0x00000000cf900000 NTAMS 0x00000000cf900000 space 1024K, 100% used [0x00000000cf900000, 0x00000000cfa00000)
AC   0  S CS TS     0 PTAMS 0x00000000cfa00000 NTAMS 0x00000000cfa00000 space 1024K, 100% used [0x00000000cfa00000, 0x00000000cfb00000)
AC   0  E CS TS     0 PTAMS 0x00000000cfb00000 NTAMS 0x00000000cfb00000 space 1024K, 100% used [0x00000000cfb00000, 0x00000000cfc00000)
AC   0  E CS TS     0 PTAMS 0x00000000cfc00000 NTAMS 0x00000000cfc00000 space 1024K, 100% used [0x00000000cfc00000, 0x00000000cfd00000)
AC   0  E CS TS     0 PTAMS 0x00000000cfd00000 NTAMS 0x00000000cfd00000 space 1024K, 100% used [0x00000000cfd00000, 0x00000000cfe00000)
AC   0  E CS TS     0 PTAMS 0x00000000cfe00000 NTAMS 0x00000000cfe00000 space 1024K, 100% used [0x00000000cfe00000, 0x00000000cff00000)
AC   0  E CS TS     0 PTAMS 0x00000000cff00000 NTAMS 0x00000000cff00000 space 1024K, 100% used [0x00000000cff00000, 0x00000000d0000000)

Card table byte_map: [0x00000000146e0000,0x00000000148e0000] byte_map_base: 0x00000000140e0000

Marking Bits (Prev, Next): (CMBitMap*) 0x00000000034e0ff0, (CMBitMap*) 0x00000000034e0f98
 Prev Bits: [0x0000000015ae0000, 0x0000000016ae0000)
 Next Bits: [0x0000000014ae0000, 0x0000000015ae0000)

Polling page: 0x00000000017e0000

CodeCache: size=245760Kb used=8027Kb max_used=8036Kb free=237732Kb
 bounds [0x0000000003590000, 0x0000000003d70000, 0x0000000012590000]
 total_blobs=2844 nmethods=2381 adapters=375
 compilation: enabled

Compilation events (10 events):
Event: 1.938 Thread 0x0000000019b75000 nmethod 2329 0x0000000003d49f10 code [0x0000000003d4a040, 0x0000000003d4a0b8]
Event: 1.939 Thread 0x0000000019b84800 nmethod 2350 0x0000000003d56e10 code [0x0000000003d57220, 0x0000000003d58ea8]
Event: 1.942 Thread 0x0000000019b84800 2351       3       org.codehaus.plexus.util.xml.pull.MXParser::skipSubTree (41 bytes)
Event: 1.942 Thread 0x0000000019b84800 nmethod 2351 0x0000000003d4bd90 code [0x0000000003d4bf20, 0x0000000003d4c2b8]
Event: 1.944 Thread 0x0000000019b75000 2352       4       org.codehaus.plexus.util.xml.pull.MXParser::nextTag (82 bytes)
Event: 1.949 Thread 0x0000000019b75000 nmethod 2352 0x0000000003d53110 code [0x0000000003d53280, 0x0000000003d53518]
Event: 1.949 Thread 0x0000000019b84800 2353       3       org.eclipse.osgi.internal.loader.classpath.ClasspathEntry::manifestPackageAttributesFor (36 bytes)
Event: 1.949 Thread 0x0000000019b84800 nmethod 2353 0x0000000003d52ad0 code [0x0000000003d52c40, 0x0000000003d53008]
Event: 1.949 Thread 0x0000000019b84800 2354   !   3       org.eclipse.osgi.internal.loader.ModuleClassLoader::publicDefinePackage (50 bytes)
Event: 1.950 Thread 0x0000000019b84800 nmethod 2354 0x0000000003d4b550 code [0x0000000003d4b6c0, 0x0000000003d4bbd8]

GC Heap History (6 events):
Event: 0.742 GC heap before
{Heap before GC invocations=0 (full 0):
 garbage-first heap   total 262144K, used 24576K [0x00000000c0000000, 0x00000000c0100800, 0x0000000100000000)
  region size 1024K, 24 young (24576K), 0 survivors (0K)
 Metaspace       used 8205K, capacity 8370K, committed 8576K, reserved 1056768K
  class space    used 863K, capacity 895K, committed 896K, reserved 1048576K
Event: 0.749 GC heap after
Heap after GC invocations=1 (full 0):
 garbage-first heap   total 262144K, used 5975K [0x00000000c0000000, 0x00000000c0100800, 0x0000000100000000)
  region size 1024K, 3 young (3072K), 3 survivors (3072K)
 Metaspace       used 8205K, capacity 8370K, committed 8576K, reserved 1056768K
  class space    used 863K, capacity 895K, committed 896K, reserved 1048576K
}
Event: 1.319 GC heap before
{Heap before GC invocations=1 (full 0):
 garbage-first heap   total 262144K, used 36695K [0x00000000c0000000, 0x00000000c0100800, 0x0000000100000000)
  region size 1024K, 33 young (33792K), 3 survivors (3072K)
 Metaspace       used 18725K, capacity 19740K, committed 19968K, reserved 1067008K
  class space    used 1937K, capacity 2278K, committed 2304K, reserved 1048576K
Event: 1.329 GC heap after
Heap after GC invocations=2 (full 0):
 garbage-first heap   total 262144K, used 18306K [0x00000000c0000000, 0x00000000c0100800, 0x0000000100000000)
  region size 1024K, 5 young (5120K), 5 survivors (5120K)
 Metaspace       used 18725K, capacity 19740K, committed 19968K, reserved 1067008K
  class space    used 1937K, capacity 2278K, committed 2304K, reserved 1048576K
}
Event: 1.376 GC heap before
{Heap before GC invocations=2 (full 0):
 garbage-first heap   total 262144K, used 22402K [0x00000000c0000000, 0x00000000c0100800, 0x0000000100000000)
  region size 1024K, 10 young (10240K), 5 survivors (5120K)
 Metaspace       used 20016K, capacity 21172K, committed 21296K, reserved 1069056K
  class space    used 2071K, capacity 2421K, committed 2432K, reserved 1048576K
Event: 1.380 GC heap after
Heap after GC invocations=3 (full 0):
 garbage-first heap   total 262144K, used 19280K [0x00000000c0000000, 0x00000000c0100800, 0x0000000100000000)
  region size 1024K, 6 young (6144K), 6 survivors (6144K)
 Metaspace       used 20016K, capacity 21172K, committed 21296K, reserved 1069056K
  class space    used 2071K, capacity 2421K, committed 2432K, reserved 1048576K
}

Deoptimization events (10 events):
Event: 1.351 Thread 0x000000001c340000 Uncommon trap: reason=unstable_if action=reinterpret pc=0x0000000003a80f10 method=java.util.Properties.loadConvert([CII[C)Ljava/lang/String; @ 431
Event: 1.420 Thread 0x000000001c91a000 Uncommon trap: reason=unstable_if action=reinterpret pc=0x000000000385ecc0 method=java.util.jar.Manifest$FastInputStream.peek()B @ 8
Event: 1.536 Thread 0x000000001c91a000 Uncommon trap: reason=unstable_if action=reinterpret pc=0x0000000003b74754 method=java.nio.charset.CoderResult.isOverflow()Z @ 5
Event: 1.543 Thread 0x000000001c91a000 Uncommon trap: reason=unstable_if action=reinterpret pc=0x0000000003b95324 method=org.codehaus.plexus.util.xml.pull.MXParser.more()C @ 8
Event: 1.557 Thread 0x000000001c91a000 Uncommon trap: reason=unstable_if action=reinterpret pc=0x0000000003ac16d8 method=java.util.ArrayList.indexOf(Ljava/lang/Object;)I @ 1
Event: 1.562 Thread 0x000000001c91a000 Uncommon trap: reason=unstable_if action=reinterpret pc=0x0000000003a8deb4 method=java.util.ArrayList.indexOf(Ljava/lang/Object;)I @ 1
Event: 1.576 Thread 0x000000001c91a000 Uncommon trap: reason=unstable_if action=reinterpret pc=0x0000000003bbc6fc method=java.nio.charset.CoderResult.isOverflow()Z @ 5
Event: 1.588 Thread 0x000000001c91a000 Uncommon trap: reason=unstable_if action=reinterpret pc=0x0000000003bcb524 method=org.codehaus.plexus.util.xml.pull.MXParser.nextImpl()I @ 1046
Event: 1.602 Thread 0x000000001c91a000 Uncommon trap: reason=unstable_if action=reinterpret pc=0x0000000003bd7910 method=sun.nio.cs.StreamDecoder.implRead([CII)I @ 197
Event: 1.630 Thread 0x000000001c91a000 Uncommon trap: reason=unstable_if action=reinterpret pc=0x0000000003beedec method=sun.nio.cs.StreamDecoder.implRead([CII)I @ 197

Internal exceptions (10 events):
Event: 1.284 Thread 0x000000000338e800 Exception <a 'java/lang/ArrayIndexOutOfBoundsException': 60> (0x00000000ce198aa8) thrown at [C:\re\workspace\8-2-build-windows-amd64-cygwin\jdk8u111\7883\hotspot\src\share\vm\interpreter\interpreterRuntime.cpp, line 366]
Event: 1.401 Thread 0x000000001c91a000 Exception <a 'java/lang/NoClassDefFoundError': org/slf4j/impl/StaticLoggerBinder> (0x00000000cfe0c2d8) thrown at [C:\re\workspace\8-2-build-windows-amd64-cygwin\jdk8u111\7883\hotspot\src\share\vm\classfile\systemDictionary.cpp, line 199]
Event: 1.405 Thread 0x000000001c91a000 Exception <a 'java/io/FileNotFoundException'> (0x00000000cfe46698) thrown at [C:\re\workspace\8-2-build-windows-amd64-cygwin\jdk8u111\7883\hotspot\src\share\vm\prims\jni.cpp, line 709]
Event: 1.424 Thread 0x000000001c8f6800 Exception <a 'sun/nio/fs/WindowsException'> (0x00000000cfc0ce48) thrown at [C:\re\workspace\8-2-build-windows-amd64-cygwin\jdk8u111\7883\hotspot\src\share\vm\prims\jni.cpp, line 709]
Event: 1.428 Thread 0x000000001c8f6800 Exception <a 'sun/nio/fs/WindowsException'> (0x00000000cfc297a0) thrown at [C:\re\workspace\8-2-build-windows-amd64-cygwin\jdk8u111\7883\hotspot\src\share\vm\prims\jni.cpp, line 709]
Event: 1.436 Thread 0x000000001c8f6800 Exception <a 'sun/nio/fs/WindowsException'> (0x00000000cfc3d3c0) thrown at [C:\re\workspace\8-2-build-windows-amd64-cygwin\jdk8u111\7883\hotspot\src\share\vm\prims\jni.cpp, line 709]
Event: 1.450 Thread 0x000000001c8f6800 Exception <a 'sun/nio/fs/WindowsException'> (0x00000000cfc6bbd8) thrown at [C:\re\workspace\8-2-build-windows-amd64-cygwin\jdk8u111\7883\hotspot\src\share\vm\prims\jni.cpp, line 709]
Event: 1.458 Thread 0x000000001c8f6800 Exception <a 'sun/nio/fs/WindowsException'> (0x00000000cf382ec0) thrown at [C:\re\workspace\8-2-build-windows-amd64-cygwin\jdk8u111\7883\hotspot\src\share\vm\prims\jni.cpp, line 709]
Event: 1.458 Thread 0x000000001c8f6800 Exception <a 'sun/nio/fs/WindowsException'> (0x00000000cf388228) thrown at [C:\re\workspace\8-2-build-windows-amd64-cygwin\jdk8u111\7883\hotspot\src\share\vm\prims\jni.cpp, line 709]
Event: 1.459 Thread 0x000000001c8f6800 Exception <a 'sun/nio/fs/WindowsException'> (0x00000000cf38de70) thrown at [C:\re\workspace\8-2-build-windows-amd64-cygwin\jdk8u111\7883\hotspot\src\share\vm\prims\jni.cpp, line 709]

Events (10 events):
Event: 1.931 Thread 0x000000001c91a000 DEOPT PACKING pc=0x0000000003bb4b5b sp=0x000000001e11ace0
Event: 1.931 Thread 0x000000001c91a000 DEOPT UNPACKING pc=0x00000000035d787f sp=0x000000001e11aa20 mode 0
Event: 1.934 Thread 0x000000001c91a000 DEOPT PACKING pc=0x0000000003bb4b5b sp=0x000000001e11ae70
Event: 1.934 Thread 0x000000001c91a000 DEOPT UNPACKING pc=0x00000000035d787f sp=0x000000001e11abb0 mode 0
Event: 1.936 Thread 0x000000001c91a000 DEOPT PACKING pc=0x0000000003bb4b5b sp=0x000000001e11ae70
Event: 1.936 Thread 0x000000001c91a000 DEOPT UNPACKING pc=0x00000000035d787f sp=0x000000001e11abb0 mode 0
Event: 1.947 loading class org/apache/maven/shared/invoker/Invoker
Event: 1.947 loading class org/apache/maven/shared/invoker/Invoker done
Event: 1.947 loading class java/lang/TypeNotPresentException
Event: 1.947 loading class java/lang/TypeNotPresentException done


Dynamic libraries:
0x00007ff649570000 - 0x00007ff6495a7000 	C:\Program Files\Java\jdk1.8.0_111\bin\java.exe
0x00007fff03e10000 - 0x00007fff03feb000 	C:\WINDOWS\SYSTEM32\ntdll.dll
0x00007fff03650000 - 0x00007fff036fe000 	C:\WINDOWS\System32\KERNEL32.DLL
0x00007fff005b0000 - 0x00007fff007f9000 	C:\WINDOWS\System32\KERNELBASE.dll
0x00007fff03ba0000 - 0x00007fff03c41000 	C:\WINDOWS\System32\ADVAPI32.dll
0x00007fff038d0000 - 0x00007fff0396d000 	C:\WINDOWS\System32\msvcrt.dll
0x00007fff03da0000 - 0x00007fff03df9000 	C:\WINDOWS\System32\sechost.dll
0x00007fff019f0000 - 0x00007fff01b15000 	C:\WINDOWS\System32\RPCRT4.dll
0x00007fff03c50000 - 0x00007fff03d9a000 	C:\WINDOWS\System32\USER32.dll
0x00007fff01350000 - 0x00007fff0136e000 	C:\WINDOWS\System32\win32u.dll
0x00007fff03970000 - 0x00007fff03997000 	C:\WINDOWS\System32\GDI32.dll
0x00007fff011c0000 - 0x00007fff01347000 	C:\WINDOWS\System32\gdi32full.dll
0x00007fff00870000 - 0x00007fff0090a000 	C:\WINDOWS\System32\msvcp_win.dll
0x00007fff010c0000 - 0x00007fff011b6000 	C:\WINDOWS\System32\ucrtbase.dll
0x00007ffef3130000 - 0x00007ffef3397000 	C:\WINDOWS\WinSxS\amd64_microsoft.windows.common-controls_6595b64144ccf1df_6.0.15063.483_none_26002d27e7c744a2\COMCTL32.dll
0x00007fff01580000 - 0x00007fff01879000 	C:\WINDOWS\System32\combase.dll
0x00007fff00800000 - 0x00007fff0086a000 	C:\WINDOWS\System32\bcryptPrimitives.dll
0x00007fff020e0000 - 0x00007fff0210d000 	C:\WINDOWS\System32\IMM32.DLL
0x0000000062ec0000 - 0x0000000062f92000 	C:\Program Files\Java\jdk1.8.0_111\jre\bin\msvcr100.dll
0x0000000062620000 - 0x0000000062eba000 	C:\Program Files\Java\jdk1.8.0_111\jre\bin\server\jvm.dll
0x00007fff01f60000 - 0x00007fff01f68000 	C:\WINDOWS\System32\PSAPI.DLL
0x00007ffef82a0000 - 0x00007ffef82c3000 	C:\WINDOWS\SYSTEM32\WINMM.dll
0x00007ffef5320000 - 0x00007ffef5329000 	C:\WINDOWS\SYSTEM32\WSOCK32.dll
0x00007ffef7c20000 - 0x00007ffef7c2a000 	C:\WINDOWS\SYSTEM32\VERSION.dll
0x00007fff01370000 - 0x00007fff013dc000 	C:\WINDOWS\System32\WS2_32.dll
0x00007ffef8120000 - 0x00007ffef814b000 	C:\WINDOWS\SYSTEM32\winmmbase.dll
0x00007fff00910000 - 0x00007fff00959000 	C:\WINDOWS\System32\cfgmgr32.dll
0x0000000062610000 - 0x000000006261f000 	C:\Program Files\Java\jdk1.8.0_111\jre\bin\verify.dll
0x00000000625e0000 - 0x0000000062609000 	C:\Program Files\Java\jdk1.8.0_111\jre\bin\java.dll
0x00000000625c0000 - 0x00000000625d6000 	C:\Program Files\Java\jdk1.8.0_111\jre\bin\zip.dll
0x00007fff02110000 - 0x00007fff03547000 	C:\WINDOWS\System32\SHELL32.dll
0x00007fff02030000 - 0x00007fff020da000 	C:\WINDOWS\System32\shcore.dll
0x00007fff009c0000 - 0x00007fff010b1000 	C:\WINDOWS\System32\windows.storage.dll
0x00007fff01880000 - 0x00007fff018d1000 	C:\WINDOWS\System32\shlwapi.dll
0x00007fff002a0000 - 0x00007fff002b1000 	C:\WINDOWS\System32\kernel.appcore.dll
0x00007fff002e0000 - 0x00007fff0032c000 	C:\WINDOWS\System32\powrprof.dll
0x00007fff002c0000 - 0x00007fff002d5000 	C:\WINDOWS\System32\profapi.dll
0x00007ffeffd30000 - 0x00007ffeffd47000 	C:\WINDOWS\SYSTEM32\CRYPTSP.dll
0x00007ffeff7b0000 - 0x00007ffeff7e4000 	C:\WINDOWS\system32\rsaenh.dll
0x00007ffeffe40000 - 0x00007ffeffe65000 	C:\WINDOWS\SYSTEM32\bcrypt.dll
0x00007fff001b0000 - 0x00007fff001d9000 	C:\WINDOWS\SYSTEM32\USERENV.dll
0x00007ffeffd50000 - 0x00007ffeffd5b000 	C:\WINDOWS\SYSTEM32\CRYPTBASE.dll
0x00000000625a0000 - 0x00000000625ba000 	C:\Program Files\Java\jdk1.8.0_111\jre\bin\net.dll
0x00007ffeffb90000 - 0x00007ffeffbec000 	C:\WINDOWS\system32\mswsock.dll
0x00007ffeff930000 - 0x00007ffeff967000 	C:\WINDOWS\SYSTEM32\IPHLPAPI.DLL
0x00007fff039a0000 - 0x00007fff039a8000 	C:\WINDOWS\System32\NSI.dll
0x00007ffefbd90000 - 0x00007ffefbda6000 	C:\WINDOWS\SYSTEM32\dhcpcsvc6.DLL
0x00007ffefbca0000 - 0x00007ffefbcba000 	C:\WINDOWS\SYSTEM32\dhcpcsvc.DLL
0x0000000062580000 - 0x0000000062591000 	C:\Program Files\Java\jdk1.8.0_111\jre\bin\nio.dll
0x0000000072000000 - 0x0000000072012000 	C:\Users\water\.vscode\extensions\redhat.java-0.14.0\server\config_win\org.eclipse.equinox.launcher\org.eclipse.equinox.launcher.win32.win32.x86_64_1.1.550.v20170928-1359\eclipse_1629.dll

VM Arguments:
jvm_args: -Declipse.application=org.eclipse.jdt.ls.core.id1 -Dosgi.bundles.defaultStartLevel=4 -Declipse.product=org.eclipse.jdt.ls.core.product -Xverify:none -Xmx1G -XX:+UseG1GC -XX:+UseStringDeduplication 
java_command: C:\Users\water\.vscode\extensions\redhat.java-0.14.0\server\plugins\org.eclipse.equinox.launcher_1.4.0.v20161219-1356.jar -configuration C:\Users\water\.vscode\extensions\redhat.java-0.14.0\server\config_win -data C:\Users\water\AppData\Roaming\Code\User\workspaceStorage\7079ec88e74bab176c913923e0916a6b\redhat.java\jdt_ws
java_class_path (initial): C:\Users\water\.vscode\extensions\redhat.java-0.14.0\server\plugins\org.eclipse.equinox.launcher_1.4.0.v20161219-1356.jar
Launcher Type: SUN_STANDARD

Environment Variables:
JAVA_HOME=C:\Program Files\Java\jdk1.8.0_111
PATH=C:\ProgramData\Oracle\Java\javapath;C:\Program Files (x86)\Intel\iCLS Client\;C:\Program Files\Intel\iCLS Client\;C:\Windows\system32;C:\Windows;C:\Windows\System32\Wbem;C:\Windows\System32\WindowsPowerShell\v1.0\;C:\Program Files (x86)\Intel\Intel(R) Management Engine Components\DAL;C:\Program Files\Intel\Intel(R) Management Engine Components\DAL;C:\Program Files (x86)\Intel\Intel(R) Management Engine Components\IPT;C:\Program Files\Intel\Intel(R) Management Engine Components\IPT;C:\Program Files (x86)\NVIDIA Corporation\PhysX\Common;C:\Program Files\Microsoft SQL Server\120\Tools\Binn\;C:\Program Files\Microsoft SQL Server\130\Tools\Binn\;C:\Program Files\MATLAB\R2017b\bin;C:\WINDOWS\system32;C:\WINDOWS;C:\WINDOWS\System32\Wbem;C:\WINDOWS\System32\WindowsPowerShell\v1.0\;C:\Program Files\dotnet\;D:\Graphviz2.38\bin;C:\Program Files (x86)\Microsoft SQL Server\Client SDK\ODBC\130\Tools\Binn\;C:\Program Files (x86)\Microsoft SQL Server\140\Tools\Binn\;C:\Program Files (x86)\Microsoft SQL Server\140\DTS\Binn\;C:\Program Files (x86)\Microsoft SQL Server\140\Tools\Binn\ManagementStudio\;C:\Program Files\gradle-4.3.1-all\gradle-4.3.1\bin;C:\Program Files\Java\jdk1.8.0_111\bin;C:\Users\water\AppData\Local\Microsoft\WindowsApps;C:\Users\water\AppData\Local\atom\bin;C:\Program Files\Microsoft VS Code\bin;D:\Graphviz2.38\bin;C:\Users\water\AppData\Local\GitHubDesktop\bin
USERNAME=water
OS=Windows_NT
PROCESSOR_IDENTIFIER=Intel64 Family 6 Model 70 Stepping 1, GenuineIntel



---------------  S Y S T E M  ---------------

OS: Windows 10.0 , 64 bit Build 15063 (10.0.15063.296)

CPU:total 8 (4 cores per cpu, 2 threads per core) family 6 model 70 stepping 1, cmov, cx8, fxsr, mmx, sse, sse2, sse3, ssse3, sse4.1, sse4.2, popcnt, avx, avx2, aes, clmul, erms, lzcnt, ht, tsc, tscinvbit, bmi1, bmi2

Memory: 4k page, physical 16663420k(5035828k free), swap 17711996k(4500k free)

vm_info: Java HotSpot(TM) 64-Bit Server VM (25.111-b14) for windows-amd64 JRE (1.8.0_111-b14), built on Sep 22 2016 19:24:05 by "java_re" with MS VC++ 10.0 (VS2010)

time: Thu Nov 30 14:19:10 2017
elapsed time: 1 seconds (0d 0h 0m 1s)

